{
  "uid" : "8e349a7b60a5fe80",
  "name" : "Validate left menu -- @1.6 ",
  "historyId" : "c02747ced36014f36e6c9b6ce2bb01f2",
  "time" : {
    "start" : 1605526117480,
    "stop" : 1605526128510,
    "duration" : 11030
  },
  "status" : "broken",
  "statusMessage" : "selenium.common.exceptions.TimeoutException: Message: Unable to find text: Donation w amount\n\n",
  "statusTrace" : "  File \"/opt/hostedtoolcache/Python/3.7.9/x64/lib/python3.7/site-packages/behave/model.py\", line 1806, in run\n    match.run(runner.context)\n  File \"/opt/hostedtoolcache/Python/3.7.9/x64/lib/python3.7/site-packages/behave/matchers.py\", line 97, in run\n    self.func(context, *args, **kwargs)\n  File \"features/steps/basic_steps.py\", line 30, in step_impl\n    ec.text_to_be_present_in_element(element, text), f'Unable to find text: {text}')\n  File \"/opt/hostedtoolcache/Python/3.7.9/x64/lib/python3.7/site-packages/selenium/webdriver/support/wait.py\", line 80, in until\n    raise TimeoutException(message, screen, stacktrace)\n",
  "flaky" : false,
  "newFailed" : false,
  "beforeStages" : [ ],
  "testStage" : {
    "status" : "broken",
    "statusMessage" : "selenium.common.exceptions.TimeoutException: Message: Unable to find text: Donation w amount\n\n",
    "statusTrace" : "  File \"/opt/hostedtoolcache/Python/3.7.9/x64/lib/python3.7/site-packages/behave/model.py\", line 1806, in run\n    match.run(runner.context)\n  File \"/opt/hostedtoolcache/Python/3.7.9/x64/lib/python3.7/site-packages/behave/matchers.py\", line 97, in run\n    self.func(context, *args, **kwargs)\n  File \"features/steps/basic_steps.py\", line 30, in step_impl\n    ec.text_to_be_present_in_element(element, text), f'Unable to find text: {text}')\n  File \"/opt/hostedtoolcache/Python/3.7.9/x64/lib/python3.7/site-packages/selenium/webdriver/support/wait.py\", line 80, in until\n    raise TimeoutException(message, screen, stacktrace)\n",
    "steps" : [ {
      "name" : "Given I open home page",
      "time" : {
        "start" : 1605526117491,
        "stop" : 1605526117810,
        "duration" : 319
      },
      "status" : "passed",
      "steps" : [ ],
      "attachments" : [ ],
      "parameters" : [ ],
      "stepsCount" : 0,
      "attachmentsCount" : 0,
      "shouldDisplayMessage" : false,
      "hasContent" : false
    }, {
      "name" : "When I click on Donate",
      "time" : {
        "start" : 1605526117810,
        "stop" : 1605526118059,
        "duration" : 249
      },
      "status" : "passed",
      "steps" : [ ],
      "attachments" : [ ],
      "parameters" : [ ],
      "stepsCount" : 0,
      "attachmentsCount" : 0,
      "shouldDisplayMessage" : false,
      "hasContent" : false
    }, {
      "name" : "Then I see \"Donation w amount\" on the page",
      "time" : {
        "start" : 1605526118059,
        "stop" : 1605526128510,
        "duration" : 10451
      },
      "status" : "broken",
      "statusMessage" : "selenium.common.exceptions.TimeoutException: Message: Unable to find text: Donation w amount\n\n",
      "statusTrace" : "  File \"/opt/hostedtoolcache/Python/3.7.9/x64/lib/python3.7/site-packages/behave/model.py\", line 1806, in run\n    match.run(runner.context)\n  File \"/opt/hostedtoolcache/Python/3.7.9/x64/lib/python3.7/site-packages/behave/matchers.py\", line 97, in run\n    self.func(context, *args, **kwargs)\n  File \"features/steps/basic_steps.py\", line 30, in step_impl\n    ec.text_to_be_present_in_element(element, text), f'Unable to find text: {text}')\n  File \"/opt/hostedtoolcache/Python/3.7.9/x64/lib/python3.7/site-packages/selenium/webdriver/support/wait.py\", line 80, in until\n    raise TimeoutException(message, screen, stacktrace)\n",
      "steps" : [ ],
      "attachments" : [ {
        "uid" : "460b47c9e954d483",
        "name" : "bug.png",
        "source" : "460b47c9e954d483.png",
        "type" : "image/png",
        "size" : 42427
      } ],
      "parameters" : [ ],
      "stepsCount" : 0,
      "attachmentsCount" : 1,
      "shouldDisplayMessage" : true,
      "hasContent" : true
    } ],
    "attachments" : [ ],
    "parameters" : [ ],
    "stepsCount" : 3,
    "attachmentsCount" : 1,
    "shouldDisplayMessage" : false,
    "hasContent" : true
  },
  "afterStages" : [ ],
  "labels" : [ {
    "name" : "severity",
    "value" : "normal"
  }, {
    "name" : "tag",
    "value" : "regression"
  }, {
    "name" : "feature",
    "value" : "Login"
  }, {
    "name" : "framework",
    "value" : "behave"
  }, {
    "name" : "language",
    "value" : "cpython3"
  }, {
    "name" : "resultFormat",
    "value" : "allure2"
  } ],
  "parameters" : [ {
    "name" : "menu item",
    "value" : "Donate"
  }, {
    "name" : "text",
    "value" : "Donation w amount"
  } ],
  "links" : [ ],
  "hidden" : false,
  "retry" : false,
  "extra" : {
    "severity" : "normal",
    "retries" : [ ],
    "categories" : [ {
      "name" : "Test defects",
      "matchedStatuses" : [ ],
      "flaky" : false
    } ],
    "tags" : [ "regression" ]
  },
  "source" : "8e349a7b60a5fe80.json",
  "parameterValues" : [ "Donate", "Donation w amount" ]
}