{
  "uid" : "8bcdb61903d8d1a1",
  "name" : "Validate left menu -- @1.5 ",
  "historyId" : "4af3bbc2dc0168045549bae03a9a6ebc",
  "time" : {
    "start" : 1605516825757,
    "stop" : 1605516836674,
    "duration" : 10917
  },
  "status" : "broken",
  "statusMessage" : "selenium.common.exceptions.TimeoutException: Message: Unable to find text: Thank you for your interest\n\n",
  "statusTrace" : "  File \"/opt/hostedtoolcache/Python/3.7.9/x64/lib/python3.7/site-packages/behave/model.py\", line 1806, in run\n    match.run(runner.context)\n  File \"/opt/hostedtoolcache/Python/3.7.9/x64/lib/python3.7/site-packages/behave/matchers.py\", line 97, in run\n    self.func(context, *args, **kwargs)\n  File \"features/steps/basic_steps.py\", line 30, in step_impl\n    ec.text_to_be_present_in_element(element, text), f'Unable to find text: {text}')\n  File \"/opt/hostedtoolcache/Python/3.7.9/x64/lib/python3.7/site-packages/selenium/webdriver/support/wait.py\", line 80, in until\n    raise TimeoutException(message, screen, stacktrace)\n",
  "flaky" : false,
  "newFailed" : false,
  "beforeStages" : [ ],
  "testStage" : {
    "status" : "broken",
    "statusMessage" : "selenium.common.exceptions.TimeoutException: Message: Unable to find text: Thank you for your interest\n\n",
    "statusTrace" : "  File \"/opt/hostedtoolcache/Python/3.7.9/x64/lib/python3.7/site-packages/behave/model.py\", line 1806, in run\n    match.run(runner.context)\n  File \"/opt/hostedtoolcache/Python/3.7.9/x64/lib/python3.7/site-packages/behave/matchers.py\", line 97, in run\n    self.func(context, *args, **kwargs)\n  File \"features/steps/basic_steps.py\", line 30, in step_impl\n    ec.text_to_be_present_in_element(element, text), f'Unable to find text: {text}')\n  File \"/opt/hostedtoolcache/Python/3.7.9/x64/lib/python3.7/site-packages/selenium/webdriver/support/wait.py\", line 80, in until\n    raise TimeoutException(message, screen, stacktrace)\n",
    "steps" : [ {
      "name" : "Given I open home page",
      "time" : {
        "start" : 1605516825771,
        "stop" : 1605516825877,
        "duration" : 106
      },
      "status" : "passed",
      "steps" : [ ],
      "attachments" : [ ],
      "parameters" : [ ],
      "stepsCount" : 0,
      "attachmentsCount" : 0,
      "shouldDisplayMessage" : false,
      "hasContent" : false
    }, {
      "name" : "When I click on Donate",
      "time" : {
        "start" : 1605516825877,
        "stop" : 1605516826314,
        "duration" : 437
      },
      "status" : "passed",
      "steps" : [ ],
      "attachments" : [ ],
      "parameters" : [ ],
      "stepsCount" : 0,
      "attachmentsCount" : 0,
      "shouldDisplayMessage" : false,
      "hasContent" : false
    }, {
      "name" : "Then I see \"Thank you for your interest\" on the page",
      "time" : {
        "start" : 1605516826314,
        "stop" : 1605516836674,
        "duration" : 10360
      },
      "status" : "broken",
      "statusMessage" : "selenium.common.exceptions.TimeoutException: Message: Unable to find text: Thank you for your interest\n\n",
      "statusTrace" : "  File \"/opt/hostedtoolcache/Python/3.7.9/x64/lib/python3.7/site-packages/behave/model.py\", line 1806, in run\n    match.run(runner.context)\n  File \"/opt/hostedtoolcache/Python/3.7.9/x64/lib/python3.7/site-packages/behave/matchers.py\", line 97, in run\n    self.func(context, *args, **kwargs)\n  File \"features/steps/basic_steps.py\", line 30, in step_impl\n    ec.text_to_be_present_in_element(element, text), f'Unable to find text: {text}')\n  File \"/opt/hostedtoolcache/Python/3.7.9/x64/lib/python3.7/site-packages/selenium/webdriver/support/wait.py\", line 80, in until\n    raise TimeoutException(message, screen, stacktrace)\n",
      "steps" : [ ],
      "attachments" : [ ],
      "parameters" : [ ],
      "stepsCount" : 0,
      "attachmentsCount" : 0,
      "shouldDisplayMessage" : true,
      "hasContent" : true
    } ],
    "attachments" : [ ],
    "parameters" : [ ],
    "stepsCount" : 3,
    "attachmentsCount" : 0,
    "shouldDisplayMessage" : false,
    "hasContent" : true
  },
  "afterStages" : [ ],
  "labels" : [ {
    "name" : "severity",
    "value" : "normal"
  }, {
    "name" : "tag",
    "value" : "regression"
  }, {
    "name" : "tag",
    "value" : "search"
  }, {
    "name" : "feature",
    "value" : "Login"
  }, {
    "name" : "framework",
    "value" : "behave"
  }, {
    "name" : "language",
    "value" : "cpython3"
  }, {
    "name" : "resultFormat",
    "value" : "allure2"
  } ],
  "parameters" : [ {
    "name" : "menu item",
    "value" : "Donate"
  }, {
    "name" : "text",
    "value" : "Thank you for your interest"
  } ],
  "links" : [ ],
  "hidden" : false,
  "retry" : false,
  "extra" : {
    "severity" : "normal",
    "retries" : [ ],
    "categories" : [ {
      "name" : "Test defects",
      "matchedStatuses" : [ ],
      "flaky" : false
    } ],
    "history" : {
      "statistic" : {
        "failed" : 0,
        "broken" : 2,
        "skipped" : 0,
        "passed" : 0,
        "unknown" : 0,
        "total" : 2
      },
      "items" : [ {
        "uid" : "d7a39d985a072376",
        "reportUrl" : "https://one-focus.github.io/python-selenium-behave/31//#testresult/d7a39d985a072376",
        "status" : "broken",
        "statusDetails" : "selenium.common.exceptions.TimeoutException: Message: Unable to find text: Thank you for your interest\n\n",
        "time" : {
          "start" : 1605417104895,
          "stop" : 1605417116087,
          "duration" : 11192
        }
      } ]
    },
    "tags" : [ "search", "regression" ]
  },
  "source" : "8bcdb61903d8d1a1.json",
  "parameterValues" : [ "Donate", "Thank you for your interest" ]
}