{
  "uid" : "6103ff2f5e9224c6",
  "name" : "Validate left menu -- @1.5 ",
  "historyId" : "4af3bbc2dc0168045549bae03a9a6ebc",
  "time" : {
    "start" : 1605414752919,
    "stop" : 1605414763439,
    "duration" : 10520
  },
  "status" : "broken",
  "statusMessage" : "selenium.common.exceptions.TimeoutException: Message: Unable to find text: Thank you for your interest\n\n",
  "statusTrace" : "  File \"/opt/hostedtoolcache/Python/3.7.9/x64/lib/python3.7/site-packages/behave/model.py\", line 1806, in run\n    match.run(runner.context)\n  File \"/opt/hostedtoolcache/Python/3.7.9/x64/lib/python3.7/site-packages/behave/matchers.py\", line 97, in run\n    self.func(context, *args, **kwargs)\n  File \"features/steps/basic_steps.py\", line 30, in step_impl\n    ec.text_to_be_present_in_element(element, text), f'Unable to find text: {text}')\n  File \"/opt/hostedtoolcache/Python/3.7.9/x64/lib/python3.7/site-packages/selenium/webdriver/support/wait.py\", line 80, in until\n    raise TimeoutException(message, screen, stacktrace)\n",
  "flaky" : false,
  "beforeStages" : [ ],
  "testStage" : {
    "status" : "broken",
    "statusMessage" : "selenium.common.exceptions.TimeoutException: Message: Unable to find text: Thank you for your interest\n\n",
    "statusTrace" : "  File \"/opt/hostedtoolcache/Python/3.7.9/x64/lib/python3.7/site-packages/behave/model.py\", line 1806, in run\n    match.run(runner.context)\n  File \"/opt/hostedtoolcache/Python/3.7.9/x64/lib/python3.7/site-packages/behave/matchers.py\", line 97, in run\n    self.func(context, *args, **kwargs)\n  File \"features/steps/basic_steps.py\", line 30, in step_impl\n    ec.text_to_be_present_in_element(element, text), f'Unable to find text: {text}')\n  File \"/opt/hostedtoolcache/Python/3.7.9/x64/lib/python3.7/site-packages/selenium/webdriver/support/wait.py\", line 80, in until\n    raise TimeoutException(message, screen, stacktrace)\n",
    "steps" : [ {
      "name" : "Given I open home page",
      "time" : {
        "start" : 1605414752935,
        "stop" : 1605414753057,
        "duration" : 122
      },
      "status" : "passed",
      "steps" : [ ],
      "attachments" : [ ],
      "parameters" : [ ],
      "stepsCount" : 0,
      "attachmentsCount" : 0,
      "shouldDisplayMessage" : false,
      "hasContent" : false
    }, {
      "name" : "When I click on Donate",
      "time" : {
        "start" : 1605414753057,
        "stop" : 1605414753316,
        "duration" : 259
      },
      "status" : "passed",
      "steps" : [ ],
      "attachments" : [ ],
      "parameters" : [ ],
      "stepsCount" : 0,
      "attachmentsCount" : 0,
      "shouldDisplayMessage" : false,
      "hasContent" : false
    }, {
      "name" : "Then I see \"Thank you for your interest\" on the page",
      "time" : {
        "start" : 1605414753316,
        "stop" : 1605414763439,
        "duration" : 10123
      },
      "status" : "broken",
      "statusMessage" : "selenium.common.exceptions.TimeoutException: Message: Unable to find text: Thank you for your interest\n\n",
      "statusTrace" : "  File \"/opt/hostedtoolcache/Python/3.7.9/x64/lib/python3.7/site-packages/behave/model.py\", line 1806, in run\n    match.run(runner.context)\n  File \"/opt/hostedtoolcache/Python/3.7.9/x64/lib/python3.7/site-packages/behave/matchers.py\", line 97, in run\n    self.func(context, *args, **kwargs)\n  File \"features/steps/basic_steps.py\", line 30, in step_impl\n    ec.text_to_be_present_in_element(element, text), f'Unable to find text: {text}')\n  File \"/opt/hostedtoolcache/Python/3.7.9/x64/lib/python3.7/site-packages/selenium/webdriver/support/wait.py\", line 80, in until\n    raise TimeoutException(message, screen, stacktrace)\n",
      "steps" : [ ],
      "attachments" : [ ],
      "parameters" : [ ],
      "stepsCount" : 0,
      "attachmentsCount" : 0,
      "shouldDisplayMessage" : true,
      "hasContent" : true
    } ],
    "attachments" : [ ],
    "parameters" : [ ],
    "stepsCount" : 3,
    "attachmentsCount" : 0,
    "shouldDisplayMessage" : false,
    "hasContent" : true
  },
  "afterStages" : [ ],
  "labels" : [ {
    "name" : "severity",
    "value" : "normal"
  }, {
    "name" : "tag",
    "value" : "regression"
  }, {
    "name" : "tag",
    "value" : "search"
  }, {
    "name" : "feature",
    "value" : "Login"
  }, {
    "name" : "framework",
    "value" : "behave"
  }, {
    "name" : "language",
    "value" : "cpython3"
  }, {
    "name" : "resultFormat",
    "value" : "allure2"
  } ],
  "parameters" : [ {
    "name" : "menu item",
    "value" : "Donate"
  }, {
    "name" : "text",
    "value" : "Thank you for your interest"
  } ],
  "links" : [ ],
  "hidden" : false,
  "retry" : false,
  "extra" : {
    "severity" : "normal",
    "retries" : [ ],
    "categories" : [ {
      "name" : "Test defects",
      "matchedStatuses" : [ ],
      "flaky" : false
    } ],
    "tags" : [ "search", "regression" ]
  },
  "source" : "6103ff2f5e9224c6.json",
  "parameterValues" : [ "Donate", "Thank you for your interest" ]
}